<?xml version="1.0" encoding="UTF-8"?>
<!-- Generated by org.testng.reporters.JUnitXMLReporter -->
<testsuite hostname="Hp-PC" ignored="0" name="Login Test" tests="2" failures="1" timestamp="20 Sep 2018 05:25:29 GMT" time="41.269" errors="0">
  <testcase name="doLogin" time="11.328" classname="com.qtpselenium.facebook.pom.testcases.LoginTest"/>
  <testcase name="doLogin" time="28.405" classname="com.qtpselenium.facebook.pom.testcases.LoginTest">
    <failure type="java.lang.AssertionError" message="Could not login">
      <![CDATA[java.lang.AssertionError: Could not loginat com.qtpselenium.facebook.pom.base.BaseTest.reportFailure(BaseTest.java:96)at com.qtpselenium.facebook.pom.testcases.LoginTest.doLogin(LoginTest.java:59)... Removed 26 stack frames]]>
    </failure>
  </testcase> <!-- doLogin -->
</testsuite> <!-- Login Test -->
