<?xml version="1.0" encoding="UTF-8"?>
<!-- Generated by org.testng.reporters.JUnitXMLReporter -->
<testsuite hostname="Hp-PC" ignored="0" name="Command line test" tests="4" failures="1" timestamp="08 Sep 2018 18:16:36 GMT" time="82.391" errors="0">
  <testcase name="changePasswordTest" time="0.008" classname="com.qtpselenium.facebook.pom.testcases.ChangePasswordTest">
    <skipped/>
  </testcase> <!-- changePasswordTest -->
  <testcase name="doLogin" time="40.628" classname="com.qtpselenium.facebook.pom.testcases.LoginTest"/>
  <testcase name="doLogin" time="41.44" classname="com.qtpselenium.facebook.pom.testcases.LoginTest">
    <failure type="java.lang.AssertionError" message="Could not login">
      <![CDATA[java.lang.AssertionError: Could not login
	at com.qtpselenium.facebook.pom.base.BaseTest.reportFailure(BaseTest.java:68)
	at com.qtpselenium.facebook.pom.testcases.LoginTest.doLogin(LoginTest.java:56)
... Removed 36 stack frames]]>
    </failure>
  </testcase> <!-- doLogin -->
  <testcase name="testProfile" time="0.0" classname="com.qtpselenium.facebook.pom.testcases.ProfileTest">
    <skipped/>
  </testcase> <!-- testProfile -->
</testsuite> <!-- Command line test -->
