<?xml version="1.0" encoding="UTF-8" ?>
<testsuite tests="4" failures="1" name="TestSuite" time="82.072" errors="0" skipped="2">
  <properties>
[...]
</properties>
  <testcase classname="com.qtpselenium.facebook.pom.testcases.ChangePasswordTest" name="changePasswordTest" time="0.006">
    <skipped/>
    <system-out>Configuring TestNG with: org.apache.maven.surefire.testng.conf.TestNG652Configurator@2e5c649
Test starts from row -6
Total rows are : 1
Total cols are : 6
</system-out>
  </testcase>
  <testcase classname="com.qtpselenium.facebook.pom.testcases.LoginTest" name="doLogin" time="40.628"/>
  <testcase classname="com.qtpselenium.facebook.pom.testcases.LoginTest" name="doLogin" time="41.438">
    <failure message="Could not login" type="java.lang.AssertionError">java.lang.AssertionError: Could not login
	at org.testng.Assert.fail(Assert.java:93)
	at com.qtpselenium.facebook.pom.base.BaseTest.reportFailure(BaseTest.java:68)
	at com.qtpselenium.facebook.pom.testcases.LoginTest.doLogin(LoginTest.java:56)
</failure>
    <system-err>Starting ChromeDriver 2.37.544315 (730aa6a5fdba159ac9f4c1e8cbc59bf1b5ce12b7) on port 6650
Only local connections are allowed.
Sep 08, 2018 11:46:02 PM org.openqa.selenium.remote.ProtocolHandshake createSession
INFO: Detected dialect: OSS
[Parent 10236, Gecko_IOThread] WARNING: pipe error: 109: file z:/build/build/src/ipc/chromium/src/chrome/common/ipc_channel_win.cc, line 346
</system-err>
  </testcase>
  <testcase classname="com.qtpselenium.facebook.pom.testcases.ProfileTest" name="testProfile" time="0">
    <skipped/>
  </testcase>
</testsuite>