<?xml version="1.0" encoding="UTF-8"?>
<testng-results skipped="0" failed="1" ignored="0" total="4" passed="3">
  <reporter-output>
  </reporter-output>
  <suite name="Suite1" duration-ms="107893" started-at="2018-09-09T18:44:16Z" finished-at="2018-09-09T18:46:04Z">
    <groups>
    </groups>
    <test name="Login Test" duration-ms="57369" started-at="2018-09-09T18:44:16Z" finished-at="2018-09-09T18:45:14Z">
      <class name="com.qtpselenium.facebook.pom.testcases.LoginTest">
        <test-method status="PASS" signature="doLogin(java.util.Hashtable)[pri:0, instance:com.qtpselenium.facebook.pom.testcases.LoginTest@37d4349f]" name="doLogin" duration-ms="21030" started-at="2018-09-10T00:14:16Z" data-provider="getData" finished-at="2018-09-10T00:14:37Z">
          <params>
            <param index="0">
              <value>
                <![CDATA[{Username=friendlyananth15@gmail.com, ExpectedResult=Success, RunMode=Y, Password=venkipriya, Browser=Mozilla}]]>
              </value>
            </param>
          </params>
          <reporter-output>
          </reporter-output>
        </test-method> <!-- doLogin -->
        <test-method status="PASS" signature="quit()[pri:0, instance:com.qtpselenium.facebook.pom.testcases.LoginTest@37d4349f]" name="quit" is-config="true" duration-ms="4253" started-at="2018-09-10T00:14:37Z" finished-at="2018-09-10T00:14:42Z">
          <reporter-output>
          </reporter-output>
        </test-method> <!-- quit -->
        <test-method status="FAIL" signature="doLogin(java.util.Hashtable)[pri:0, instance:com.qtpselenium.facebook.pom.testcases.LoginTest@37d4349f]" name="doLogin" duration-ms="31435" started-at="2018-09-10T00:14:42Z" data-provider="getData" finished-at="2018-09-10T00:15:13Z">
          <params>
            <param index="0">
              <value>
                <![CDATA[{Username=friendlyananth15@gmail.com, ExpectedResult=Success, RunMode=Y, Password=xxxx, Browser=Chrome}]]>
              </value>
            </param>
          </params>
          <exception class="java.lang.AssertionError">
            <message>
              <![CDATA[Could not login]]>
            </message>
            <full-stacktrace>
              <![CDATA[java.lang.AssertionError: Could not loginat org.testng.Assert.fail(Assert.java:96)at com.qtpselenium.facebook.pom.base.BaseTest.reportFailure(BaseTest.java:96)at com.qtpselenium.facebook.pom.testcases.LoginTest.doLogin(LoginTest.java:59)at sun.reflect.NativeMethodAccessorImpl.invoke0(Native Method)at sun.reflect.NativeMethodAccessorImpl.invoke(Unknown Source)at sun.reflect.DelegatingMethodAccessorImpl.invoke(Unknown Source)at java.lang.reflect.Method.invoke(Unknown Source)at org.testng.internal.MethodInvocationHelper.invokeMethod(MethodInvocationHelper.java:124)at org.testng.internal.Invoker.invokeMethod(Invoker.java:571)at org.testng.internal.Invoker.invokeTestMethod(Invoker.java:707)at org.testng.internal.Invoker.invokeTestMethods(Invoker.java:979)at org.testng.internal.TestMethodWorker.invokeTestMethods(TestMethodWorker.java:125)at org.testng.internal.TestMethodWorker.run(TestMethodWorker.java:109)at org.testng.TestRunner.privateRun(TestRunner.java:648)at org.testng.TestRunner.run(TestRunner.java:505)at org.testng.SuiteRunner.runTest(SuiteRunner.java:455)at org.testng.SuiteRunner.runSequentially(SuiteRunner.java:450)at org.testng.SuiteRunner.privateRun(SuiteRunner.java:415)at org.testng.SuiteRunner.run(SuiteRunner.java:364)at org.testng.SuiteRunnerWorker.runSuite(SuiteRunnerWorker.java:52)at org.testng.SuiteRunnerWorker.run(SuiteRunnerWorker.java:84)at org.testng.TestNG.runSuitesSequentially(TestNG.java:1187)at org.testng.TestNG.runSuitesLocally(TestNG.java:1116)at org.testng.TestNG.runSuites(TestNG.java:1028)at org.testng.TestNG.run(TestNG.java:996)at org.testng.remote.AbstractRemoteTestNG.run(AbstractRemoteTestNG.java:114)at org.testng.remote.RemoteTestNG.initAndRun(RemoteTestNG.java:251)at org.testng.remote.RemoteTestNG.main(RemoteTestNG.java:77)]]>
            </full-stacktrace>
          </exception> <!-- java.lang.AssertionError -->
          <reporter-output>
          </reporter-output>
        </test-method> <!-- doLogin -->
        <test-method status="PASS" signature="quit()[pri:0, instance:com.qtpselenium.facebook.pom.testcases.LoginTest@37d4349f]" name="quit" is-config="true" duration-ms="615" started-at="2018-09-10T00:15:13Z" finished-at="2018-09-10T00:15:14Z">
          <reporter-output>
          </reporter-output>
        </test-method> <!-- quit -->
      </class> <!-- com.qtpselenium.facebook.pom.testcases.LoginTest -->
    </test> <!-- Login Test -->
    <test name="Profile Test" duration-ms="28814" started-at="2018-09-09T18:45:14Z" finished-at="2018-09-09T18:45:43Z">
      <class name="com.qtpselenium.facebook.pom.testcases.ProfileTest">
        <test-method status="PASS" signature="testProfile()[pri:0, instance:com.qtpselenium.facebook.pom.testcases.ProfileTest@59505b48]" name="testProfile" duration-ms="22772" started-at="2018-09-10T00:15:14Z" finished-at="2018-09-10T00:15:37Z">
          <reporter-output>
          </reporter-output>
        </test-method> <!-- testProfile -->
        <test-method status="PASS" signature="quit()[pri:0, instance:com.qtpselenium.facebook.pom.testcases.ProfileTest@59505b48]" name="quit" is-config="true" duration-ms="6039" started-at="2018-09-10T00:15:37Z" finished-at="2018-09-10T00:15:43Z">
          <reporter-output>
          </reporter-output>
        </test-method> <!-- quit -->
      </class> <!-- com.qtpselenium.facebook.pom.testcases.ProfileTest -->
    </test> <!-- Profile Test -->
    <test name="Change Password Test" duration-ms="21682" started-at="2018-09-09T18:45:43Z" finished-at="2018-09-09T18:46:04Z">
      <class name="com.qtpselenium.facebook.pom.testcases.LoginTest">
        <test-method status="PASS" signature="sendemail()[pri:0, instance:com.qtpselenium.facebook.pom.testcases.LoginTest@37d4349f]" name="sendemail" is-config="true" duration-ms="2086" started-at="2018-09-10T00:16:04Z" finished-at="2018-09-10T00:16:06Z">
          <reporter-output>
          </reporter-output>
        </test-method> <!-- sendemail -->
      </class> <!-- com.qtpselenium.facebook.pom.testcases.LoginTest -->
      <class name="com.qtpselenium.facebook.pom.testcases.ChangePasswordTest">
        <test-method status="PASS" signature="changePasswordTest(java.util.Hashtable)[pri:0, instance:com.qtpselenium.facebook.pom.testcases.ChangePasswordTest@130c12b7]" name="changePasswordTest" duration-ms="21047" started-at="2018-09-10T00:15:43Z" data-provider="getData" finished-at="2018-09-10T00:16:04Z">
          <params>
            <param index="0">
              <value>
                <![CDATA[{NewPassword=Handgreat99, Username=friendlyananth15@gmail.com, OldPassword=venkipriya, ExpectedResult=Success, RunMode=Y, Browser=Chrome}]]>
              </value>
            </param>
          </params>
          <reporter-output>
          </reporter-output>
        </test-method> <!-- changePasswordTest -->
        <test-method status="PASS" signature="quit()[pri:0, instance:com.qtpselenium.facebook.pom.testcases.ChangePasswordTest@130c12b7]" name="quit" is-config="true" duration-ms="632" started-at="2018-09-10T00:16:04Z" finished-at="2018-09-10T00:16:04Z">
          <reporter-output>
          </reporter-output>
        </test-method> <!-- quit -->
      </class> <!-- com.qtpselenium.facebook.pom.testcases.ChangePasswordTest -->
    </test> <!-- Change Password Test -->
  </suite> <!-- Suite1 -->
</testng-results>
